<?xml version="1.0" encoding="UTF-8"?>
<testsuite xmlns:xsi="http://www.w3.org/2001/XMLSchema-instance" xsi:noNamespaceSchemaLocation="https://maven.apache.org/surefire/maven-surefire-plugin/xsd/surefire-test-report-3.0.xsd" version="3.0" name="com.javatechie.BookServiceApplicationTests" time="9.598" tests="1" errors="0" skipped="0" failures="0">
  <properties>
[...]
</properties>
  <testcase name="contextLoads" classname="com.javatechie.BookServiceApplicationTests" time="2.096">
    <system-out><![CDATA[22:29:26.499 [main] INFO org.springframework.test.context.support.AnnotationConfigContextLoaderUtils -- Could not detect default configuration classes for test class [com.javatechie.BookServiceApplicationTests]: BookServiceApplicationTests does not declare any static, non-private, non-final, nested classes annotated with @Configuration.
22:29:26.797 [main] INFO org.springframework.boot.test.context.SpringBootTestContextBootstrapper -- Found @SpringBootConfiguration com.javatechie.BookServiceApplication for test class com.javatechie.BookServiceApplicationTests

  .   ____          _            __ _ _
 /\\ / ___'_ __ _ _(_)_ __  __ _ \ \ \ \
( ( )\___ | '_ | '_| | '_ \/ _` | \ \ \ \
 \\/  ___)| |_)| | | | | || (_| |  ) ) ) )
  '  |____| .__|_| |_|_| |_\__, | / / / /
 =========|_|==============|___/=/_/_/_/

 :: Spring Boot ::                (v3.3.2)

2025-03-18T22:29:28.416+07:00  INFO 13784 --- [book-service] [           main] c.j.BookServiceApplicationTests          : Starting BookServiceApplicationTests using Java 21.0.6 with PID 13784 (started by LENOVO in D:\Kuliah\Semester 6\PPLBO\Praktik\sidecar-design-pattern\book-service)
2025-03-18T22:29:28.422+07:00  INFO 13784 --- [book-service] [           main] c.j.BookServiceApplicationTests          : No active profile set, falling back to 1 default profile: "default"
2025-03-18T22:29:33.387+07:00  INFO 13784 --- [book-service] [           main] c.j.BookServiceApplicationTests          : Started BookServiceApplicationTests in 6.249 seconds (process running for 8.703)
]]></system-out>
    <system-err><![CDATA[WARNING: A Java agent has been loaded dynamically (C:\Users\LENOVO\.m2\repository\net\bytebuddy\byte-buddy-agent\1.14.18\byte-buddy-agent-1.14.18.jar)
WARNING: If a serviceability tool is in use, please run with -XX:+EnableDynamicAgentLoading to hide this warning
WARNING: If a serviceability tool is not in use, please run with -Djdk.instrument.traceUsage for more information
WARNING: Dynamic loading of agents will be disallowed by default in a future release
]]></system-err>
  </testcase>
</testsuite>