# JRE version: OpenJDK Runtime Environment Temurin-21.0.6+7 (21.0.6+7) (build 21.0.6+7-LTS)
# Java VM: OpenJDK 64-Bit Server VM Temurin-21.0.6+7 (21.0.6+7-LTS, mixed mode, sharing, tiered, compressed oops, compressed class ptrs, parallel gc, windows-amd64)
GC Precious Log:
 CardTable entry size: 512
 CPUs: 4 total, 4 available
 Memory: 3460M
 Large Page Support: Disabled
 NUMA Support: Disabled
 Compressed Oops: Enabled (32-bit)
 Alignments: Space 512K, Generation 512K, Heap 2M
 Heap Min Capacity: 100M
 Heap Initial Capacity: 100M
 Heap Max Capacity: 1G
 Pre-touch: Disabled
 Parallel Workers: 4
Heap:
 PSYoungGen      total 1536K, used 1216K [0x00000000eab00000, 0x00000000ead80000, 0x0000000100000000)
  eden space 1024K, 100% used [0x00000000eab00000,0x00000000eac00000,0x00000000eac00000)
  from space 512K, 37% used [0x00000000eac00000,0x00000000eac30000,0x00000000eac80000)
  to   space 512K, 62% used [0x00000000ead00000,0x00000000ead50000,0x00000000ead80000)
 ParOldGen       total 446464K, used 446302K [0x00000000c0000000, 0x00000000db400000, 0x00000000eab00000)
  object space 446464K, 99% used [0x00000000c0000000,0x00000000db3d79f8,0x00000000db400000)
 Metaspace       used 63003K, committed 64576K, reserved 1114112K
  class space    used 6373K, committed 7040K, reserved 1048576K
GC Heap History (20 events):
Event: 74.434 GC heap before
{Heap before GC invocations=515 (full 3):
 PSYoungGen      total 1536K, used 1312K [0x00000000eab00000, 0x00000000ead00000, 0x0000000100000000)
  eden space 1024K, 100% used [0x00000000eab00000,0x00000000eac00000,0x00000000eac00000)
  from space 512K, 56% used [0x00000000eac00000,0x00000000eac48000,0x00000000eac80000)
  to   space 512K, 0% used [0x00000000eac80000,0x00000000eac80000,0x00000000ead00000)
 ParOldGen       total 443904K, used 443556K [0x00000000c0000000, 0x00000000db180000, 0x00000000eab00000)
  object space 443904K, 99% used [0x00000000c0000000,0x00000000db129058,0x00000000db180000)
 Metaspace       used 62845K, committed 64320K, reserved 1114112K
  class space    used 6371K, committed 7040K, reserved 1048576K
}
Event: 74.452 GC heap after
{Heap after GC invocations=515 (full 3):
 PSYoungGen      total 1536K, used 256K [0x00000000eab00000, 0x00000000ead00000, 0x0000000100000000)
  eden space 1024K, 0% used [0x00000000eab00000,0x00000000eab00000,0x00000000eac00000)
  from space 512K, 50% used [0x00000000eac80000,0x00000000eacc0000,0x00000000ead00000)
  to   space 512K, 0% used [0x00000000eac00000,0x00000000eac00000,0x00000000eac80000)
 ParOldGen       total 443904K, used 443740K [0x00000000c0000000, 0x00000000db180000, 0x00000000eab00000)
  object space 443904K, 99% used [0x00000000c0000000,0x00000000db157058,0x00000000db180000)
 Metaspace       used 62845K, committed 64320K, reserved 1114112K
  class space    used 6371K, committed 7040K, reserved 1048576K
}
Event: 74.473 GC heap before
{Heap before GC invocations=516 (full 3):
 PSYoungGen      total 1536K, used 1279K [0x00000000eab00000, 0x00000000ead00000, 0x0000000100000000)
  eden space 1024K, 99% used [0x00000000eab00000,0x00000000eabfff10,0x00000000eac00000)
  from space 512K, 50% used [0x00000000eac80000,0x00000000eacc0000,0x00000000ead00000)
  to   space 512K, 0% used [0x00000000eac00000,0x00000000eac00000,0x00000000eac80000)
 ParOldGen       total 443904K, used 443740K [0x00000000c0000000, 0x00000000db180000, 0x00000000eab00000)
  object space 443904K, 99% used [0x00000000c0000000,0x00000000db157058,0x00000000db180000)
 Metaspace       used 62845K, committed 64320K, reserved 1114112K
  class space    used 6371K, committed 7040K, reserved 1048576K
}
Event: 74.479 GC heap after
{Heap after GC invocations=516 (full 3):
 PSYoungGen      total 1536K, used 475K [0x00000000eab00000, 0x00000000eae00000, 0x0000000100000000)
  eden space 1024K, 0% used [0x00000000eab00000,0x00000000eab00000,0x00000000eac00000)
  from space 512K, 92% used [0x00000000eac00000,0x00000000eac76ee0,0x00000000eac80000)
  to   space 1024K, 0% used [0x00000000ead00000,0x00000000ead00000,0x00000000eae00000)
 ParOldGen       total 444416K, used 443932K [0x00000000c0000000, 0x00000000db200000, 0x00000000eab00000)
  object space 444416K, 99% used [0x00000000c0000000,0x00000000db187058,0x00000000db200000)
 Metaspace       used 62845K, committed 64320K, reserved 1114112K
  class space    used 6371K, committed 7040K, reserved 1048576K
}
Event: 74.489 GC heap before
{Heap before GC invocations=517 (full 3):
 PSYoungGen      total 1536K, used 1499K [0x00000000eab00000, 0x00000000eae00000, 0x0000000100000000)
  eden space 1024K, 100% used [0x00000000eab00000,0x00000000eac00000,0x00000000eac00000)
  from space 512K, 92% used [0x00000000eac00000,0x00000000eac76ee0,0x00000000eac80000)
  to   space 1024K, 0% used [0x00000000ead00000,0x00000000ead00000,0x00000000eae00000)
 ParOldGen       total 444416K, used 443932K [0x00000000c0000000, 0x00000000db200000, 0x00000000eab00000)
  object space 444416K, 99% used [0x00000000c0000000,0x00000000db187058,0x00000000db200000)
 Metaspace       used 62845K, committed 64320K, reserved 1114112K
  class space    used 6371K, committed 7040K, reserved 1048576K
}
Event: 74.492 GC heap after
{Heap after GC invocations=517 (full 3):
 PSYoungGen      total 1536K, used 256K [0x00000000eab00000, 0x00000000ead80000, 0x0000000100000000)
  eden space 1024K, 0% used [0x00000000eab00000,0x00000000eab00000,0x00000000eac00000)
  from space 512K, 50% used [0x00000000ead00000,0x00000000ead40000,0x00000000ead80000)
  to   space 512K, 0% used [0x00000000eac00000,0x00000000eac00000,0x00000000eac80000)
 ParOldGen       total 444416K, used 444356K [0x00000000c0000000, 0x00000000db200000, 0x00000000eab00000)
  object space 444416K, 99% used [0x00000000c0000000,0x00000000db1f1330,0x00000000db200000)
 Metaspace       used 62845K, committed 64320K, reserved 1114112K
  class space    used 6371K, committed 7040K, reserved 1048576K
}
Event: 74.510 GC heap before
{Heap before GC invocations=518 (full 3):
 PSYoungGen      total 1536K, used 1280K [0x00000000eab00000, 0x00000000ead80000, 0x0000000100000000)
  eden space 1024K, 100% used [0x00000000eab00000,0x00000000eac00000,0x00000000eac00000)
  from space 512K, 50% used [0x00000000ead00000,0x00000000ead40000,0x00000000ead80000)
  to   space 512K, 0% used [0x00000000eac00000,0x00000000eac00000,0x00000000eac80000)
 ParOldGen       total 444416K, used 444356K [0x00000000c0000000, 0x00000000db200000, 0x00000000eab00000)
  object space 444416K, 99% used [0x00000000c0000000,0x00000000db1f1330,0x00000000db200000)
 Metaspace       used 62845K, committed 64320K, reserved 1114112K
  class space    used 6371K, committed 7040K, reserved 1048576K
}
Event: 74.515 GC heap after
{Heap after GC invocations=518 (full 3):
 PSYoungGen      total 1536K, used 320K [0x00000000eab00000, 0x00000000ead80000, 0x0000000100000000)
  eden space 1024K, 0% used [0x00000000eab00000,0x00000000eab00000,0x00000000eac00000)
  from space 512K, 62% used [0x00000000eac00000,0x00000000eac50000,0x00000000eac80000)
  to   space 512K, 0% used [0x00000000ead00000,0x00000000ead00000,0x00000000ead80000)
 ParOldGen       total 444928K, used 444568K [0x00000000c0000000, 0x00000000db280000, 0x00000000eab00000)
  object space 444928K, 99% used [0x00000000c0000000,0x00000000db226350,0x00000000db280000)
 Metaspace       used 62845K, committed 64320K, reserved 1114112K
  class space    used 6371K, committed 7040K, reserved 1048576K
}
Event: 74.575 GC heap before
{Heap before GC invocations=519 (full 3):
 PSYoungGen      total 1536K, used 1344K [0x00000000eab00000, 0x00000000ead80000, 0x0000000100000000)
  eden space 1024K, 100% used [0x00000000eab00000,0x00000000eac00000,0x00000000eac00000)
  from space 512K, 62% used [0x00000000eac00000,0x00000000eac50000,0x00000000eac80000)
  to   space 512K, 0% used [0x00000000ead00000,0x00000000ead00000,0x00000000ead80000)
 ParOldGen       total 444928K, used 444568K [0x00000000c0000000, 0x00000000db280000, 0x00000000eab00000)
  object space 444928K, 99% used [0x00000000c0000000,0x00000000db226350,0x00000000db280000)
 Metaspace       used 62848K, committed 64320K, reserved 1114112K
  class space    used 6371K, committed 7040K, reserved 1048576K
}
Event: 74.580 GC heap after
{Heap after GC invocations=519 (full 3):
 PSYoungGen      total 1536K, used 435K [0x00000000eab00000, 0x00000000ead80000, 0x0000000100000000)
  eden space 1024K, 0% used [0x00000000eab00000,0x00000000eab00000,0x00000000eac00000)
  from space 512K, 84% used [0x00000000ead00000,0x00000000ead6cc50,0x00000000ead80000)
  to   space 512K, 0% used [0x00000000eac00000,0x00000000eac00000,0x00000000eac80000)
 ParOldGen       total 444928K, used 444840K [0x00000000c0000000, 0x00000000db280000, 0x00000000eab00000)
  object space 444928K, 99% used [0x00000000c0000000,0x00000000db26a350,0x00000000db280000)
 Metaspace       used 62848K, committed 64320K, reserved 1114112K
  class space    used 6371K, committed 7040K, reserved 1048576K
}
Event: 74.642 GC heap before
{Heap before GC invocations=520 (full 3):
 PSYoungGen      total 1536K, used 1459K [0x00000000eab00000, 0x00000000ead80000, 0x0000000100000000)
  eden space 1024K, 100% used [0x00000000eab00000,0x00000000eac00000,0x00000000eac00000)
  from space 512K, 84% used [0x00000000ead00000,0x00000000ead6cc50,0x00000000ead80000)
  to   space 512K, 0% used [0x00000000eac00000,0x00000000eac00000,0x00000000eac80000)
 ParOldGen       total 444928K, used 444840K [0x00000000c0000000, 0x00000000db280000, 0x00000000eab00000)
  object space 444928K, 99% used [0x00000000c0000000,0x00000000db26a350,0x00000000db280000)
 Metaspace       used 62864K, committed 64384K, reserved 1114112K
  class space    used 6371K, committed 7040K, reserved 1048576K
}
Event: 74.645 GC heap after
{Heap after GC invocations=520 (full 3):
 PSYoungGen      total 1536K, used 320K [0x00000000eab00000, 0x00000000ead80000, 0x0000000100000000)
  eden space 1024K, 0% used [0x00000000eab00000,0x00000000eab00000,0x00000000eac00000)
  from space 512K, 62% used [0x00000000eac00000,0x00000000eac50000,0x00000000eac80000)
  to   space 512K, 0% used [0x00000000ead00000,0x00000000ead00000,0x00000000ead80000)
 ParOldGen       total 445440K, used 445064K [0x00000000c0000000, 0x00000000db300000, 0x00000000eab00000)
  object space 445440K, 99% used [0x00000000c0000000,0x00000000db2a2370,0x00000000db300000)
 Metaspace       used 62864K, committed 64384K, reserved 1114112K
  class space    used 6371K, committed 7040K, reserved 1048576K
}
Event: 74.847 GC heap before
{Heap before GC invocations=521 (full 3):
 PSYoungGen      total 1536K, used 1332K [0x00000000eab00000, 0x00000000ead80000, 0x0000000100000000)
  eden space 1024K, 98% used [0x00000000eab00000,0x00000000eabfd248,0x00000000eac00000)
  from space 512K, 62% used [0x00000000eac00000,0x00000000eac50000,0x00000000eac80000)
  to   space 512K, 0% used [0x00000000ead00000,0x00000000ead00000,0x00000000ead80000)
 ParOldGen       total 445440K, used 445064K [0x00000000c0000000, 0x00000000db300000, 0x00000000eab00000)
  object space 445440K, 99% used [0x00000000c0000000,0x00000000db2a2370,0x00000000db300000)
 Metaspace       used 62868K, committed 64384K, reserved 1114112K
  class space    used 6371K, committed 7040K, reserved 1048576K
}
Event: 74.853 GC heap after
{Heap after GC invocations=521 (full 3):
 PSYoungGen      total 1536K, used 416K [0x00000000eab00000, 0x00000000ead80000, 0x0000000100000000)
  eden space 1024K, 0% used [0x00000000eab00000,0x00000000eab00000,0x00000000eac00000)
  from space 512K, 81% used [0x00000000ead00000,0x00000000ead68000,0x00000000ead80000)
  to   space 512K, 0% used [0x00000000eac00000,0x00000000eac00000,0x00000000eac80000)
 ParOldGen       total 445440K, used 445359K [0x00000000c0000000, 0x00000000db300000, 0x00000000eab00000)
  object space 445440K, 99% used [0x00000000c0000000,0x00000000db2ebe18,0x00000000db300000)
 Metaspace       used 62868K, committed 64384K, reserved 1114112K
  class space    used 6371K, committed 7040K, reserved 1048576K
}
Event: 74.867 GC heap before
{Heap before GC invocations=522 (full 3):
 PSYoungGen      total 1536K, used 1440K [0x00000000eab00000, 0x00000000ead80000, 0x0000000100000000)
  eden space 1024K, 100% used [0x00000000eab00000,0x00000000eac00000,0x00000000eac00000)
  from space 512K, 81% used [0x00000000ead00000,0x00000000ead68000,0x00000000ead80000)
  to   space 512K, 0% used [0x00000000eac00000,0x00000000eac00000,0x00000000eac80000)
 ParOldGen       total 445440K, used 445359K [0x00000000c0000000, 0x00000000db300000, 0x00000000eab00000)
  object space 445440K, 99% used [0x00000000c0000000,0x00000000db2ebe18,0x00000000db300000)
 Metaspace       used 62871K, committed 64384K, reserved 1114112K
  class space    used 6371K, committed 7040K, reserved 1048576K
}
Event: 74.873 GC heap after
{Heap after GC invocations=522 (full 3):
 PSYoungGen      total 1536K, used 192K [0x00000000eab00000, 0x00000000ead80000, 0x0000000100000000)
  eden space 1024K, 0% used [0x00000000eab00000,0x00000000eab00000,0x00000000eac00000)
  from space 512K, 37% used [0x00000000eac00000,0x00000000eac30000,0x00000000eac80000)
  to   space 512K, 0% used [0x00000000ead00000,0x00000000ead00000,0x00000000ead80000)
 ParOldGen       total 445952K, used 445720K [0x00000000c0000000, 0x00000000db380000, 0x00000000eab00000)
  object space 445952K, 99% used [0x00000000c0000000,0x00000000db346338,0x00000000db380000)
 Metaspace       used 62871K, committed 64384K, reserved 1114112K
  class space    used 6371K, committed 7040K, reserved 1048576K
}
Event: 75.095 GC heap before
{Heap before GC invocations=523 (full 3):
 PSYoungGen      total 1536K, used 1215K [0x00000000eab00000, 0x00000000ead80000, 0x0000000100000000)
  eden space 1024K, 99% used [0x00000000eab00000,0x00000000eabffff0,0x00000000eac00000)
  from space 512K, 37% used [0x00000000eac00000,0x00000000eac30000,0x00000000eac80000)
  to   space 512K, 0% used [0x00000000ead00000,0x00000000ead00000,0x00000000ead80000)
 ParOldGen       total 445952K, used 445720K [0x00000000c0000000, 0x00000000db380000, 0x00000000eab00000)
  object space 445952K, 99% used [0x00000000c0000000,0x00000000db346338,0x00000000db380000)
 Metaspace       used 62896K, committed 64448K, reserved 1114112K
  class space    used 6372K, committed 7040K, reserved 1048576K
}
Event: 75.100 GC heap after
{Heap after GC invocations=523 (full 3):
 PSYoungGen      total 1536K, used 347K [0x00000000eab00000, 0x00000000ead80000, 0x0000000100000000)
  eden space 1024K, 0% used [0x00000000eab00000,0x00000000eab00000,0x00000000eac00000)
  from space 512K, 67% used [0x00000000ead00000,0x00000000ead56f48,0x00000000ead80000)
  to   space 512K, 0% used [0x00000000eac00000,0x00000000eac00000,0x00000000eac80000)
 ParOldGen       total 445952K, used 445855K [0x00000000c0000000, 0x00000000db380000, 0x00000000eab00000)
  object space 445952K, 99% used [0x00000000c0000000,0x00000000db367de0,0x00000000db380000)
 Metaspace       used 62896K, committed 64448K, reserved 1114112K
  class space    used 6372K, committed 7040K, reserved 1048576K
}
Event: 75.349 GC heap before
{Heap before GC invocations=524 (full 3):
 PSYoungGen      total 1536K, used 1371K [0x00000000eab00000, 0x00000000ead80000, 0x0000000100000000)
  eden space 1024K, 100% used [0x00000000eab00000,0x00000000eac00000,0x00000000eac00000)
  from space 512K, 67% used [0x00000000ead00000,0x00000000ead56f48,0x00000000ead80000)
  to   space 512K, 0% used [0x00000000eac00000,0x00000000eac00000,0x00000000eac80000)
 ParOldGen       total 445952K, used 445855K [0x00000000c0000000, 0x00000000db380000, 0x00000000eab00000)
  object space 445952K, 99% used [0x00000000c0000000,0x00000000db367de0,0x00000000db380000)
 Metaspace       used 62955K, committed 64512K, reserved 1114112K
  class space    used 6373K, committed 7040K, reserved 1048576K
}
Event: 75.353 GC heap after
{Heap after GC invocations=524 (full 3):
 PSYoungGen      total 1536K, used 192K [0x00000000eab00000, 0x00000000ead80000, 0x0000000100000000)
  eden space 1024K, 0% used [0x00000000eab00000,0x00000000eab00000,0x00000000eac00000)
  from space 512K, 37% used [0x00000000eac00000,0x00000000eac30000,0x00000000eac80000)
  to   space 512K, 0% used [0x00000000ead00000,0x00000000ead00000,0x00000000ead80000)
 ParOldGen       total 446464K, used 446144K [0x00000000c0000000, 0x00000000db400000, 0x00000000eab00000)
  object space 446464K, 99% used [0x00000000c0000000,0x00000000db3b0278,0x00000000db400000)
 Metaspace       used 62955K, committed 64512K, reserved 1114112K
  class space    used 6373K, committed 7040K, reserved 1048576K
}

